d:\self-learning\opengl\glfw-3.3.8\build\src\cmakefiles\generate.stamp
d:\self-learning\opengl\glfw-3.3.8\build\src\glfw.dir\debug\egl_context.obj
d:\self-learning\opengl\glfw-3.3.8\build\src\glfw.dir\debug\init.obj
d:\self-learning\opengl\glfw-3.3.8\build\src\glfw.dir\debug\input.obj
d:\self-learning\opengl\glfw-3.3.8\build\src\glfw.dir\debug\monitor.obj
d:\self-learning\opengl\glfw-3.3.8\build\src\glfw.dir\debug\osmesa_context.obj
d:\self-learning\opengl\glfw-3.3.8\build\src\glfw.dir\debug\vulkan.obj
d:\self-learning\opengl\glfw-3.3.8\build\src\glfw.dir\debug\wgl_context.obj
d:\self-learning\opengl\glfw-3.3.8\build\src\glfw.dir\debug\win32_init.obj
d:\self-learning\opengl\glfw-3.3.8\build\src\glfw.dir\debug\win32_joystick.obj
d:\self-learning\opengl\glfw-3.3.8\build\src\glfw.dir\debug\win32_monitor.obj
d:\self-learning\opengl\glfw-3.3.8\build\src\glfw.dir\debug\win32_thread.obj
d:\self-learning\opengl\glfw-3.3.8\build\src\glfw.dir\debug\win32_time.obj
d:\self-learning\opengl\glfw-3.3.8\build\src\glfw.dir\debug\win32_window.obj
d:\self-learning\opengl\glfw-3.3.8\build\src\glfw.dir\debug\window.obj
d:\self-learning\opengl\glfw-3.3.8\build\src\debug\glfw3.pdb
d:\self-learning\opengl\glfw-3.3.8\build\src\glfw.dir\debug\glfw.tlog\cl.command.1.tlog
d:\self-learning\opengl\glfw-3.3.8\build\src\glfw.dir\debug\glfw.tlog\custombuild.command.1.tlog
d:\self-learning\opengl\glfw-3.3.8\build\src\glfw.dir\debug\glfw.tlog\custombuild.read.1.tlog
d:\self-learning\opengl\glfw-3.3.8\build\src\glfw.dir\debug\glfw.tlog\custombuild.write.1.tlog
